生成启动时间为 2015/6/30 10:18:40。
     1>项目“D:\projects\leetcode\leetcode\leetcode.vcxproj”在节点 2 上(build 个目标)。
     1>InitializeBuildStatus:
         正在创建“Debug\leetcode.unsuccessfulbuild”，因为已指定“AlwaysCreate”。
       ClCompile:
         C:\Program Files (x86)\Microsoft Visual Studio 10.0\VC\bin\CL.exe /c /ZI /nologo /W3 /WX- /Od /Oy- /D _MBCS /Gm /EHsc /RTC1 /MDd /GS /fp:precise /Zc:wchar_t /Zc:forScope /Fo"Debug\\" /Fd"Debug\vc100.pdb" /Gd /TP /analyze- /errorReport:prompt SummaryRanges.cpp
         SummaryRanges.cpp
     1>d:\projects\leetcode\leetcode\summaryranges.cpp(22): warning C4018: “<”: 有符号/无符号不匹配
       Link:
         C:\Program Files (x86)\Microsoft Visual Studio 10.0\VC\bin\link.exe /ERRORREPORT:PROMPT /OUT:"D:\projects\leetcode\Debug\leetcode.exe" /NOLOGO kernel32.lib user32.lib gdi32.lib winspool.lib comdlg32.lib advapi32.lib shell32.lib ole32.lib oleaut32.lib uuid.lib odbc32.lib odbccp32.lib /MANIFEST /ManifestFile:"Debug\leetcode.exe.intermediate.manifest" /MANIFESTUAC:"level='asInvoker' uiAccess='false'" /DEBUG /PDB:"D:\projects\leetcode\Debug\leetcode.pdb" /TLBID:1 /DYNAMICBASE /NXCOMPAT /IMPLIB:"D:\projects\leetcode\Debug\leetcode.lib" /MACHINE:X86 Debug\hammingWeight.obj
         Debug\main.obj
         Debug\MajorityElementII.obj
         Debug\SummaryRanges.obj
         LINK : 没有找到 D:\projects\leetcode\Debug\leetcode.exe 或上一个增量链接没有生成它；正在执行完全链接
         leetcode.vcxproj -> D:\projects\leetcode\Debug\leetcode.exe
       Manifest:
         C:\Program Files (x86)\Microsoft SDKs\Windows\v7.0A\bin\mt.exe /nologo /verbose /outputresource:"D:\projects\leetcode\Debug\leetcode.exe;#1" /manifest Debug\leetcode.exe.intermediate.manifest
       FinalizeBuildStatus:
         正在删除文件“Debug\leetcode.unsuccessfulbuild”。
         正在对“Debug\leetcode.lastbuildstate”执行 Touch 任务。
     1>已完成生成项目“D:\projects\leetcode\leetcode\leetcode.vcxproj”(build 个目标)的操作。

生成成功。

已用时间 00:00:00.97
